./code_4
medium
Nruns = 10
Simu and seed number 1
====================================
Seed of random number generator is NOT fixed
Seed:  168791541817
====================================
Building hemi and lignin polymers
====================================
Adjusting hemi and lign...
====================================
Done adjusting hemi and lign
====================================
Filling neighbor vectors
====================================
Done filling neighbor vectors

 
 AVANT GILLESPIE LOOP 
 

Step: 1000; glc released: 0; xyl released: 0; cellobiose in system: 0; real_time: 3.14464e-06
Step: 2000; glc released: 29; xyl released: 17; cellobiose in system: 2; real_time: 0.0110192
Step: 3000; glc released: 212; xyl released: 725; cellobiose in system: 3; real_time: 0.187228
Step: 4000; glc released: 892; xyl released: 950; cellobiose in system: 2; real_time: 1.76009
Step: 5000; glc released: 1705; xyl released: 1014; cellobiose in system: 0; real_time: 4.23504
Step: 6000; glc released: 2538; xyl released: 1063; cellobiose in system: 0; real_time: 7.31531
Step: 7000; glc released: 3424; xyl released: 1089; cellobiose in system: 1; real_time: 10.9162
Step: 8000; glc released: 4313; xyl released: 1099; cellobiose in system: 0; real_time: 15.783
Step: 9000; glc released: 5204; xyl released: 1099; cellobiose in system: 0; real_time: 22.1757
Step: 10000; glc released: 5968; xyl released: 1099; cellobiose in system: 1; real_time: 88.9899
==========================================
Simulation time ended; glucose released: 6046; xylose released: 1099
====================================
Returned from run()


====================================
Simu and seed number 2
====================================
Seed of random number generator is NOT fixed
Seed:  168791545948
====================================
Building hemi and lignin polymers
====================================
Adjusting hemi and lign...
====================================
Done adjusting hemi and lign
====================================
Filling neighbor vectors
====================================
Done filling neighbor vectors

 
 AVANT GILLESPIE LOOP 
 

Step: 1000; glc released: 0; xyl released: 0; cellobiose in system: 0; real_time: 3.13506e-06
Step: 2000; glc released: 25; xyl released: 10; cellobiose in system: 5; real_time: 0.00943798
Step: 3000; glc released: 206; xyl released: 721; cellobiose in system: 1; real_time: 0.183297
Step: 4000; glc released: 865; xyl released: 959; cellobiose in system: 1; real_time: 1.76449
Step: 5000; glc released: 1680; xyl released: 1034; cellobiose in system: 0; real_time: 3.9969
Step: 6000; glc released: 2506; xyl released: 1068; cellobiose in system: 1; real_time: 6.76468
Step: 7000; glc released: 3379; xyl released: 1095; cellobiose in system: 2; real_time: 10.7353
Step: 8000; glc released: 4273; xyl released: 1099; cellobiose in system: 1; real_time: 15.0983
Step: 9000; glc released: 5183; xyl released: 1099; cellobiose in system: 1; real_time: 19.6667
Step: 10000; glc released: 5952; xyl released: 1099; cellobiose in system: 0; real_time: 80.6102
==========================================
Simulation time ended; glucose released: 6082; xylose released: 1099
====================================
Returned from run()


====================================
Simu and seed number 3
====================================
Seed of random number generator is NOT fixed
Seed:  168791553944
====================================
Building hemi and lignin polymers
====================================
Adjusting hemi and lign...
====================================
Done adjusting hemi and lign
====================================
Filling neighbor vectors
====================================
Done filling neighbor vectors

 
 AVANT GILLESPIE LOOP 
 

Step: 1000; glc released: 0; xyl released: 0; cellobiose in system: 0; real_time: 2.80995e-06
Step: 2000; glc released: 18; xyl released: 14; cellobiose in system: 3; real_time: 0.0104516
Step: 3000; glc released: 247; xyl released: 661; cellobiose in system: 2; real_time: 0.194371
Step: 4000; glc released: 930; xyl released: 904; cellobiose in system: 1; real_time: 1.47989
Step: 5000; glc released: 1703; xyl released: 978; cellobiose in system: 2; real_time: 3.76557
Step: 6000; glc released: 2514; xyl released: 1049; cellobiose in system: 0; real_time: 6.3177
Step: 7000; glc released: 3352; xyl released: 1080; cellobiose in system: 1; real_time: 8.69044
Step: 8000; glc released: 4218; xyl released: 1091; cellobiose in system: 2; real_time: 11.2778
Step: 9000; glc released: 5099; xyl released: 1093; cellobiose in system: 0; real_time: 14.2204
Step: 10000; glc released: 5757; xyl released: 1099; cellobiose in system: 0; real_time: 45.8508
==========================================
Simulation time ended; glucose released: 6189; xylose released: 1099
====================================
Returned from run()


====================================
Simu and seed number 4
====================================
Seed of random number generator is NOT fixed
Seed:  168791557312
====================================
Building hemi and lignin polymers
====================================
Adjusting hemi and lign...
====================================
Done adjusting hemi and lign
====================================
Filling neighbor vectors
====================================
Done filling neighbor vectors

 
 AVANT GILLESPIE LOOP 
 

Step: 1000; glc released: 0; xyl released: 0; cellobiose in system: 0; real_time: 3.14446e-06
Step: 2000; glc released: 12; xyl released: 21; cellobiose in system: 6; real_time: 0.0113959
Step: 3000; glc released: 212; xyl released: 697; cellobiose in system: 2; real_time: 0.18062
Step: 4000; glc released: 888; xyl released: 928; cellobiose in system: 1; real_time: 1.64906
Step: 5000; glc released: 1671; xyl released: 1014; cellobiose in system: 1; real_time: 4.03776
Step: 6000; glc released: 2485; xyl released: 1066; cellobiose in system: 0; real_time: 6.69921
Step: 7000; glc released: 3331; xyl released: 1091; cellobiose in system: 1; real_time: 9.60222
Step: 8000; glc released: 4194; xyl released: 1097; cellobiose in system: 0; real_time: 12.7426
Step: 9000; glc released: 5087; xyl released: 1099; cellobiose in system: 0; real_time: 17.4745
Step: 10000; glc released: 5879; xyl released: 1099; cellobiose in system: 0; real_time: 59.5626
==========================================
Simulation time ended; glucose released: 6153; xylose released: 1099
====================================
Returned from run()


====================================
Simu and seed number 5
====================================
Seed of random number generator is NOT fixed
Seed:  168791562006
====================================
Building hemi and lignin polymers
====================================
Adjusting hemi and lign...
====================================
Done adjusting hemi and lign
====================================
Filling neighbor vectors
====================================
Done filling neighbor vectors

 
 AVANT GILLESPIE LOOP 
 

Step: 1000; glc released: 0; xyl released: 0; cellobiose in system: 0; real_time: 3.01756e-06
Step: 2000; glc released: 8; xyl released: 12; cellobiose in system: 3; real_time: 0.00952805
Step: 3000; glc released: 208; xyl released: 725; cellobiose in system: 2; real_time: 0.199774
Step: 4000; glc released: 931; xyl released: 910; cellobiose in system: 1; real_time: 1.45274
Step: 5000; glc released: 1723; xyl released: 983; cellobiose in system: 1; real_time: 3.58196
Step: 6000; glc released: 2554; xyl released: 1046; cellobiose in system: 2; real_time: 6.08409
Step: 7000; glc released: 3408; xyl released: 1073; cellobiose in system: 1; real_time: 8.60027
Step: 8000; glc released: 4257; xyl released: 1086; cellobiose in system: 1; real_time: 11.2345
Step: 9000; glc released: 5120; xyl released: 1097; cellobiose in system: 2; real_time: 14.5033
Step: 10000; glc released: 5769; xyl released: 1099; cellobiose in system: 1; real_time: 47.4824
==========================================
Simulation time ended; glucose released: 6106; xylose released: 1099
====================================
Returned from run()


====================================
Simu and seed number 6
====================================
Seed of random number generator is NOT fixed
Seed:  168791573371
====================================
Building hemi and lignin polymers
====================================
Adjusting hemi and lign...
====================================
Done adjusting hemi and lign
====================================
Filling neighbor vectors
====================================
Done filling neighbor vectors

 
 AVANT GILLESPIE LOOP 
 

Step: 1000; glc released: 0; xyl released: 0; cellobiose in system: 0; real_time: 3.08443e-06
Step: 2000; glc released: 9; xyl released: 16; cellobiose in system: 2; real_time: 0.00767424
Step: 3000; glc released: 217; xyl released: 743; cellobiose in system: 0; real_time: 0.196061
Step: 4000; glc released: 920; xyl released: 951; cellobiose in system: 0; real_time: 1.98908
Step: 5000; glc released: 1727; xyl released: 1042; cellobiose in system: 0; real_time: 4.35174
Step: 6000; glc released: 2591; xyl released: 1091; cellobiose in system: 1; real_time: 8.13464
Step: 7000; glc released: 3478; xyl released: 1099; cellobiose in system: 1; real_time: 11.9491
Step: 8000; glc released: 4385; xyl released: 1099; cellobiose in system: 0; real_time: 15.8562
Step: 9000; glc released: 5286; xyl released: 1099; cellobiose in system: 2; real_time: 20.0505
Step: 10000; glc released: 6029; xyl released: 1099; cellobiose in system: 0; real_time: 89.0026
==========================================
Simulation time ended; glucose released: 6095; xylose released: 1099
====================================
Returned from run()


====================================
Simu and seed number 7
====================================
Seed of random number generator is NOT fixed
Seed:  168791571978
====================================
Building hemi and lignin polymers
====================================
Adjusting hemi and lign...
====================================
Done adjusting hemi and lign
====================================
Filling neighbor vectors
====================================
Done filling neighbor vectors

 
 AVANT GILLESPIE LOOP 
 

Step: 1000; glc released: 0; xyl released: 0; cellobiose in system: 0; real_time: 3.14925e-06
Step: 2000; glc released: 13; xyl released: 18; cellobiose in system: 1; real_time: 0.00971425
Step: 3000; glc released: 206; xyl released: 698; cellobiose in system: 2; real_time: 0.181399
Step: 4000; glc released: 842; xyl released: 955; cellobiose in system: 1; real_time: 1.83132
Step: 5000; glc released: 1653; xyl released: 1024; cellobiose in system: 1; real_time: 4.17262
Step: 6000; glc released: 2481; xyl released: 1069; cellobiose in system: 0; real_time: 6.83356
Step: 7000; glc released: 3374; xyl released: 1091; cellobiose in system: 2; real_time: 10.7564
Step: 8000; glc released: 4265; xyl released: 1099; cellobiose in system: 1; real_time: 15.6492
Step: 9000; glc released: 5163; xyl released: 1099; cellobiose in system: 0; real_time: 21.1965
Step: 10000; glc released: 5947; xyl released: 1099; cellobiose in system: 0; real_time: 73.2265
==========================================
Simulation time ended; glucose released: 6158; xylose released: 1099
====================================
Returned from run()


====================================
Simu and seed number 8
====================================
Seed of random number generator is NOT fixed
Seed:  168791581259
====================================
Building hemi and lignin polymers
====================================
Adjusting hemi and lign...
====================================
Done adjusting hemi and lign
====================================
Filling neighbor vectors
====================================
Done filling neighbor vectors

 
 AVANT GILLESPIE LOOP 
 

Step: 1000; glc released: 0; xyl released: 0; cellobiose in system: 0; real_time: 3.22149e-06
Step: 2000; glc released: 9; xyl released: 11; cellobiose in system: 1; real_time: 0.00753735
Step: 3000; glc released: 197; xyl released: 694; cellobiose in system: 0; real_time: 0.179643
Step: 4000; glc released: 864; xyl released: 959; cellobiose in system: 0; real_time: 1.51416
Step: 5000; glc released: 1670; xyl released: 1037; cellobiose in system: 0; real_time: 3.8968
Step: 6000; glc released: 2530; xyl released: 1075; cellobiose in system: 0; real_time: 6.17601
Step: 7000; glc released: 3395; xyl released: 1087; cellobiose in system: 0; real_time: 8.58714
Step: 8000; glc released: 4244; xyl released: 1097; cellobiose in system: 1; real_time: 11.5266
Step: 9000; glc released: 5137; xyl released: 1099; cellobiose in system: 2; real_time: 17.0114
Step: 10000; glc released: 5913; xyl released: 1099; cellobiose in system: 2; real_time: 72.0194
==========================================
Simulation time ended; glucose released: 6067; xylose released: 1099
====================================
Returned from run()


====================================
Simu and seed number 9
====================================
Seed of random number generator is NOT fixed
Seed:  168791590444
====================================
Building hemi and lignin polymers
====================================
Adjusting hemi and lign...
====================================
Done adjusting hemi and lign
====================================
Filling neighbor vectors
====================================
Done filling neighbor vectors

 
 AVANT GILLESPIE LOOP 
 

Step: 1000; glc released: 0; xyl released: 0; cellobiose in system: 0; real_time: 2.95717e-06
Step: 2000; glc released: 3; xyl released: 7; cellobiose in system: 0; real_time: 0.00632642
Step: 3000; glc released: 203; xyl released: 722; cellobiose in system: 2; real_time: 0.190753
Step: 4000; glc released: 896; xyl released: 923; cellobiose in system: 1; real_time: 1.65134
Step: 5000; glc released: 1675; xyl released: 1025; cellobiose in system: 0; real_time: 4.07525
Step: 6000; glc released: 2541; xyl released: 1070; cellobiose in system: 1; real_time: 7.20782
Step: 7000; glc released: 3409; xyl released: 1095; cellobiose in system: 2; real_time: 11.4783
Step: 8000; glc released: 4319; xyl released: 1099; cellobiose in system: 1; real_time: 15.16
Step: 9000; glc released: 5213; xyl released: 1099; cellobiose in system: 0; real_time: 19.7981
Step: 10000; glc released: 5958; xyl released: 1099; cellobiose in system: 0; real_time: 87.5125
==========================================
Simulation time ended; glucose released: 6056; xylose released: 1099
====================================
Returned from run()


====================================
Simu and seed number 10
====================================
Seed of random number generator is NOT fixed
Seed:  168791586176
====================================
Building hemi and lignin polymers
====================================
Adjusting hemi and lign...
====================================
Done adjusting hemi and lign
====================================
Filling neighbor vectors
====================================
Done filling neighbor vectors

 
 AVANT GILLESPIE LOOP 
 

Step: 1000; glc released: 0; xyl released: 0; cellobiose in system: 0; real_time: 3.12238e-06
Step: 2000; glc released: 3; xyl released: 7; cellobiose in system: 2; real_time: 0.00685008
Step: 3000; glc released: 186; xyl released: 684; cellobiose in system: 4; real_time: 0.146484
Step: 4000; glc released: 856; xyl released: 990; cellobiose in system: 0; real_time: 1.49719
Step: 5000; glc released: 1688; xyl released: 1042; cellobiose in system: 1; real_time: 3.68001
Step: 6000; glc released: 2532; xyl released: 1075; cellobiose in system: 0; real_time: 6.39642
Step: 7000; glc released: 3411; xyl released: 1097; cellobiose in system: 0; real_time: 10.7484
Step: 8000; glc released: 4325; xyl released: 1097; cellobiose in system: 1; real_time: 14.6095
Step: 9000; glc released: 5216; xyl released: 1099; cellobiose in system: 0; real_time: 20.5475
Step: 10000; glc released: 5997; xyl released: 1099; cellobiose in system: 1; real_time: 77.3822
==========================================
Simulation time ended; glucose released: 6214; xylose released: 1099
====================================
Returned from run()


====================================
Mean glc produced: 6116.6
END OF main()!!!
